TN:
SF:src/components/TimeGrid.tsx
FN:22,(anonymous_0)
FN:38,(anonymous_1)
FN:39,(anonymous_2)
FN:46,(anonymous_3)
FN:59,(anonymous_4)
FN:64,(anonymous_5)
FN:67,(anonymous_6)
FN:71,(anonymous_7)
FN:76,(anonymous_8)
FNF:9
FNH:8
FNDA:2,(anonymous_0)
FNDA:2,(anonymous_1)
FNDA:2,(anonymous_2)
FNDA:2,(anonymous_3)
FNDA:26,(anonymous_4)
FNDA:26,(anonymous_5)
FNDA:26,(anonymous_6)
FNDA:2,(anonymous_7)
FNDA:0,(anonymous_8)
DA:2,1
DA:22,1
DA:31,2
DA:32,2
DA:33,26
DA:37,2
DA:38,2
DA:39,2
DA:42,2
DA:47,2
DA:60,26
DA:65,26
DA:68,26
DA:72,2
DA:76,0
DA:94,1
LF:16
LH:15
BRDA:25,0,0,2
BRDA:26,1,0,2
BRDA:51,2,0,2
BRDA:51,2,1,0
BRDA:68,3,0,26
BRDA:68,3,1,26
BRDA:75,4,0,2
BRDA:75,4,1,0
BRDA:76,5,0,0
BRDA:76,5,1,0
BRF:10
BRH:6
end_of_record
TN:
SF:src/pages/Calendar.tsx
FN:49,(anonymous_1)
FN:76,(anonymous_2)
FN:96,(anonymous_3)
FN:108,(anonymous_4)
FN:121,(anonymous_5)
FN:126,(anonymous_6)
FN:127,(anonymous_7)
FN:142,(anonymous_8)
FN:200,(anonymous_9)
FN:253,(anonymous_10)
FN:302,(anonymous_11)
FN:347,(anonymous_12)
FN:348,(anonymous_13)
FN:365,(anonymous_14)
FN:371,(anonymous_15)
FN:405,(anonymous_16)
FN:414,(anonymous_17)
FN:448,(anonymous_18)
FN:457,(anonymous_19)
FN:462,(anonymous_20)
FN:471,(anonymous_21)
FN:481,(anonymous_22)
FN:489,(anonymous_23)
FN:497,(anonymous_24)
FN:532,(anonymous_25)
FN:544,(anonymous_26)
FN:560,(anonymous_27)
FN:575,(anonymous_28)
FN:580,(anonymous_29)
FN:615,(anonymous_30)
FN:623,(anonymous_31)
FN:639,(anonymous_32)
FN:645,(anonymous_33)
FN:651,(anonymous_34)
FN:657,(anonymous_35)
FN:666,(anonymous_36)
FN:683,(anonymous_37)
FN:691,(anonymous_38)
FN:695,(anonymous_39)
FN:705,(anonymous_40)
FN:727,(anonymous_41)
FN:737,(anonymous_42)
FN:745,(anonymous_43)
FN:749,(anonymous_44)
FN:759,(anonymous_45)
FN:772,(anonymous_46)
FN:801,(anonymous_47)
FN:810,(anonymous_48)
FN:811,(anonymous_49)
FN:818,(anonymous_50)
FN:847,(anonymous_51)
FN:859,(anonymous_52)
FN:872,(anonymous_53)
FN:884,(anonymous_54)
FN:899,(anonymous_55)
FN:915,(anonymous_56)
FN:930,(anonymous_57)
FN:943,(anonymous_58)
FN:957,(anonymous_59)
FN:970,(anonymous_60)
FN:994,(anonymous_61)
FN:999,(anonymous_62)
FNF:62
FNH:19
FNDA:6,(anonymous_1)
FNDA:2,(anonymous_2)
FNDA:0,(anonymous_3)
FNDA:0,(anonymous_4)
FNDA:147,(anonymous_5)
FNDA:4,(anonymous_6)
FNDA:4,(anonymous_7)
FNDA:0,(anonymous_8)
FNDA:0,(anonymous_9)
FNDA:0,(anonymous_10)
FNDA:0,(anonymous_11)
FNDA:2,(anonymous_12)
FNDA:2,(anonymous_13)
FNDA:0,(anonymous_14)
FNDA:0,(anonymous_15)
FNDA:0,(anonymous_16)
FNDA:0,(anonymous_17)
FNDA:0,(anonymous_18)
FNDA:0,(anonymous_19)
FNDA:0,(anonymous_20)
FNDA:1,(anonymous_21)
FNDA:1,(anonymous_22)
FNDA:3,(anonymous_23)
FNDA:5,(anonymous_24)
FNDA:0,(anonymous_25)
FNDA:4,(anonymous_26)
FNDA:360,(anonymous_27)
FNDA:0,(anonymous_28)
FNDA:12,(anonymous_29)
FNDA:0,(anonymous_30)
FNDA:0,(anonymous_31)
FNDA:1,(anonymous_32)
FNDA:0,(anonymous_33)
FNDA:0,(anonymous_34)
FNDA:0,(anonymous_35)
FNDA:28,(anonymous_36)
FNDA:0,(anonymous_37)
FNDA:0,(anonymous_38)
FNDA:0,(anonymous_39)
FNDA:0,(anonymous_40)
FNDA:0,(anonymous_41)
FNDA:0,(anonymous_42)
FNDA:0,(anonymous_43)
FNDA:0,(anonymous_44)
FNDA:0,(anonymous_45)
FNDA:0,(anonymous_46)
FNDA:0,(anonymous_47)
FNDA:0,(anonymous_48)
FNDA:0,(anonymous_49)
FNDA:0,(anonymous_50)
FNDA:0,(anonymous_51)
FNDA:1,(anonymous_52)
FNDA:0,(anonymous_53)
FNDA:1,(anonymous_54)
FNDA:0,(anonymous_55)
FNDA:0,(anonymous_56)
FNDA:0,(anonymous_57)
FNDA:0,(anonymous_58)
FNDA:0,(anonymous_59)
FNDA:0,(anonymous_60)
FNDA:2,(anonymous_61)
FNDA:0,(anonymous_62)
DA:1,1
DA:2,1
DA:3,1
DA:4,1
DA:5,1
DA:15,1
DA:49,1
DA:51,6
DA:52,6
DA:53,6
DA:54,6
DA:55,6
DA:56,6
DA:57,6
DA:58,6
DA:59,6
DA:60,6
DA:61,6
DA:62,6
DA:63,6
DA:64,6
DA:65,6
DA:67,6
DA:68,6
DA:70,6
DA:71,6
DA:76,6
DA:81,6
DA:87,6
DA:93,6
DA:96,6
DA:97,0
DA:98,0
DA:99,0
DA:100,0
DA:101,0
DA:103,0
DA:104,0
DA:105,0
DA:108,6
DA:109,0
DA:110,0
DA:111,0
DA:112,0
DA:113,0
DA:115,0
DA:116,0
DA:117,0
DA:121,6
DA:122,147
DA:126,6
DA:127,4
DA:128,4
DA:129,4
DA:131,4
DA:132,4
DA:134,4
DA:136,2
DA:137,2
DA:138,2
DA:139,0
DA:142,0
DA:143,0
DA:144,0
DA:145,0
DA:146,0
DA:147,0
DA:148,0
DA:149,0
DA:162,2
DA:163,2
DA:165,2
DA:166,2
DA:185,2
DA:190,0
DA:191,0
DA:192,0
DA:194,0
DA:195,0
DA:196,0
DA:197,0
DA:200,0
DA:201,0
DA:202,0
DA:203,0
DA:204,0
DA:205,0
DA:206,0
DA:207,0
DA:220,0
DA:221,0
DA:224,0
DA:225,0
DA:226,0
DA:227,0
DA:229,0
DA:230,0
DA:243,0
DA:248,2
DA:249,2
DA:250,0
DA:253,0
DA:254,0
DA:255,0
DA:256,0
DA:257,0
DA:258,0
DA:259,0
DA:260,0
DA:273,2
DA:274,2
DA:277,2
DA:278,60
DA:279,12
DA:280,12
DA:293,2
DA:297,0
DA:298,0
DA:299,0
DA:300,0
DA:301,0
DA:302,0
DA:303,0
DA:304,0
DA:305,0
DA:306,0
DA:307,0
DA:308,0
DA:309,0
DA:322,0
DA:324,0
DA:328,4
DA:330,0
DA:331,0
DA:333,4
DA:337,4
DA:340,4
DA:341,2
DA:342,2
DA:347,6
DA:348,2
DA:349,2
DA:350,2
DA:351,2
DA:352,2
DA:354,0
DA:355,0
DA:359,2
DA:365,6
DA:366,0
DA:367,0
DA:371,6
DA:372,0
DA:373,0
DA:375,0
DA:376,0
DA:377,0
DA:379,0
DA:380,0
DA:381,0
DA:382,0
DA:383,0
DA:385,0
DA:386,0
DA:387,0
DA:389,0
DA:397,0
DA:398,0
DA:400,0
DA:401,0
DA:403,0
DA:404,0
DA:405,0
DA:406,0
DA:408,0
DA:409,0
DA:414,6
DA:415,0
DA:416,0
DA:418,0
DA:419,0
DA:420,0
DA:422,0
DA:423,0
DA:424,0
DA:425,0
DA:426,0
DA:428,0
DA:429,0
DA:430,0
DA:432,0
DA:440,0
DA:441,0
DA:443,0
DA:444,0
DA:446,0
DA:447,0
DA:448,0
DA:449,0
DA:451,0
DA:452,0
DA:457,6
DA:458,0
DA:459,0
DA:460,0
DA:461,0
DA:462,0
DA:463,0
DA:465,0
DA:466,0
DA:471,6
DA:472,1
DA:475,1
DA:476,1
DA:481,6
DA:482,1
DA:483,1
DA:484,1
DA:485,1
DA:489,6
DA:491,3
DA:492,1
DA:497,6
DA:499,5
DA:500,0
DA:501,0
DA:505,5
DA:506,5
DA:507,5
DA:511,0
DA:513,0
DA:514,0
DA:515,0
DA:517,0
DA:518,0
DA:521,0
DA:524,0
DA:525,0
DA:526,0
DA:527,0
DA:532,0
DA:533,0
DA:534,0
DA:536,0
DA:540,0
DA:544,6
DA:545,4
DA:547,4
DA:548,4
DA:549,4
DA:552,4
DA:553,0
DA:557,4
DA:558,120
DA:560,120
DA:561,360
DA:562,360
DA:563,360
DA:565,120
DA:566,120
DA:569,120
DA:571,120
DA:575,0
DA:581,12
DA:582,12
DA:583,12
DA:584,12
DA:585,12
DA:586,12
DA:587,12
DA:588,12
DA:589,12
DA:599,4
DA:606,6
DA:615,0
DA:624,0
DA:625,0
DA:626,0
DA:627,0
DA:628,0
DA:639,1
DA:645,0
DA:651,0
DA:657,0
DA:667,28
DA:684,0
DA:685,0
DA:686,0
DA:691,0
DA:696,0
DA:697,0
DA:698,0
DA:706,0
DA:707,0
DA:708,0
DA:709,0
DA:728,0
DA:729,0
DA:730,0
DA:731,0
DA:738,0
DA:739,0
DA:740,0
DA:745,0
DA:750,0
DA:751,0
DA:752,0
DA:760,0
DA:761,0
DA:762,0
DA:763,0
DA:764,0
DA:765,0
DA:774,0
DA:775,0
DA:776,0
DA:777,0
DA:778,0
DA:779,0
DA:780,0
DA:781,0
DA:783,0
DA:802,0
DA:803,0
DA:804,0
DA:805,0
DA:811,0
DA:812,0
DA:813,0
DA:814,0
DA:819,0
DA:820,0
DA:848,0
DA:849,0
DA:850,0
DA:851,0
DA:853,0
DA:860,1
DA:873,0
DA:874,0
DA:875,0
DA:876,0
DA:878,0
DA:885,1
DA:899,0
DA:916,0
DA:917,0
DA:918,0
DA:919,0
DA:931,0
DA:932,0
DA:944,0
DA:945,0
DA:946,0
DA:958,0
DA:959,0
DA:960,0
DA:970,0
DA:995,2
DA:999,0
DA:1017,1
LF:361
LH:125
BRDA:99,0,0,0
BRDA:111,1,0,0
BRDA:134,2,0,2
BRDA:134,2,1,0
BRDA:134,2,2,2
BRDA:134,2,3,2
BRDA:134,2,4,0
BRDA:144,3,0,0
BRDA:144,3,1,0
BRDA:148,4,0,0
BRDA:192,5,0,0
BRDA:192,5,1,0
BRDA:202,6,0,0
BRDA:202,6,1,0
BRDA:206,7,0,0
BRDA:229,8,0,0
BRDA:255,9,0,0
BRDA:255,9,1,0
BRDA:259,10,0,0
BRDA:278,11,0,12
BRDA:304,12,0,0
BRDA:304,12,1,0
BRDA:308,13,0,0
BRDA:340,14,0,2
BRDA:340,15,0,4
BRDA:340,15,1,2
BRDA:372,16,0,0
BRDA:375,17,0,0
BRDA:375,18,0,0
BRDA:375,18,1,0
BRDA:381,19,0,0
BRDA:385,20,0,0
BRDA:385,21,0,0
BRDA:385,21,1,0
BRDA:397,22,0,0
BRDA:397,22,1,0
BRDA:415,23,0,0
BRDA:415,24,0,0
BRDA:415,24,1,0
BRDA:418,25,0,0
BRDA:418,26,0,0
BRDA:418,26,1,0
BRDA:423,27,0,0
BRDA:423,27,1,0
BRDA:424,28,0,0
BRDA:428,29,0,0
BRDA:428,30,0,0
BRDA:428,30,1,0
BRDA:440,31,0,0
BRDA:440,31,1,0
BRDA:458,32,0,0
BRDA:459,33,0,0
BRDA:475,34,0,1
BRDA:475,35,0,1
BRDA:475,35,1,1
BRDA:491,36,0,1
BRDA:499,37,0,0
BRDA:499,38,0,5
BRDA:499,38,1,0
BRDA:501,39,0,0
BRDA:501,39,1,0
BRDA:505,40,0,5
BRDA:507,41,0,5
BRDA:507,41,1,2
BRDA:511,42,0,0
BRDA:515,43,0,0
BRDA:515,43,1,0
BRDA:526,44,0,0
BRDA:533,45,0,0
BRDA:536,46,0,0
BRDA:536,46,1,0
BRDA:536,47,0,0
BRDA:536,47,1,0
BRDA:562,48,0,360
BRDA:562,48,1,360
BRDA:563,49,0,360
BRDA:563,49,1,162
BRDA:566,50,0,120
BRDA:566,50,1,4
BRDA:566,50,2,4
BRDA:574,51,0,4
BRDA:574,51,1,116
BRDA:574,52,0,0
BRDA:574,52,1,120
BRDA:578,53,0,120
BRDA:578,53,1,12
BRDA:581,54,0,12
BRDA:581,54,1,0
BRDA:585,55,0,0
BRDA:586,56,0,0
BRDA:586,56,1,12
BRDA:586,57,0,12
BRDA:586,57,1,0
BRDA:587,58,0,0
BRDA:587,58,1,12
BRDA:587,59,0,12
BRDA:587,59,1,0
BRDA:588,60,0,0
BRDA:609,61,0,6
BRDA:609,61,1,0
BRDA:638,62,0,2
BRDA:638,62,1,4
BRDA:644,63,0,0
BRDA:644,63,1,6
BRDA:650,64,0,4
BRDA:650,64,1,2
BRDA:656,65,0,0
BRDA:656,65,1,6
BRDA:664,66,0,6
BRDA:664,66,1,4
BRDA:676,67,0,6
BRDA:676,67,1,2
BRDA:723,68,0,6
BRDA:723,68,1,0
BRDA:730,69,0,0
BRDA:730,69,1,0
BRDA:762,70,0,0
BRDA:762,70,1,0
BRDA:777,71,0,0
BRDA:777,71,1,0
BRDA:791,72,0,6
BRDA:791,72,1,0
BRDA:811,73,0,0
BRDA:811,73,1,0
BRDA:818,74,0,0
BRDA:818,74,1,0
BRDA:820,75,0,0
BRDA:820,75,1,0
BRDA:832,76,0,6
BRDA:832,76,1,4
BRDA:832,76,2,4
BRDA:832,76,3,2
BRDA:832,76,4,2
BRDA:835,77,0,0
BRDA:835,77,1,2
BRDA:838,78,0,2
BRDA:838,78,1,2
BRDA:846,79,0,0
BRDA:846,79,1,2
BRDA:846,80,0,0
BRDA:846,80,1,0
BRDA:846,81,0,2
BRDA:846,81,1,2
BRDA:850,82,0,0
BRDA:850,82,1,0
BRDA:871,83,0,0
BRDA:871,83,1,2
BRDA:871,84,0,0
BRDA:871,84,1,0
BRDA:871,85,0,2
BRDA:871,85,1,2
BRDA:875,86,0,0
BRDA:875,86,1,0
BRDA:898,87,0,0
BRDA:898,87,1,2
BRDA:899,88,0,0
BRDA:899,88,1,0
BRDA:914,89,0,0
BRDA:914,89,1,2
BRDA:919,90,0,0
BRDA:929,91,0,2
BRDA:929,91,1,2
BRDA:932,92,0,0
BRDA:942,93,0,2
BRDA:942,93,1,2
BRDA:945,94,0,0
BRDA:945,94,1,0
BRDA:956,95,0,2
BRDA:956,95,1,2
BRDA:959,96,0,0
BRDA:959,96,1,0
BRDA:966,97,0,0
BRDA:966,97,1,2
BRDA:985,98,0,2
BRDA:985,98,1,2
BRDA:985,98,2,0
BRDA:985,98,3,2
BRDA:988,99,0,2
BRDA:988,99,1,0
BRDA:988,99,2,0
BRDA:989,100,0,2
BRDA:989,100,1,2
BRDA:990,101,0,2
BRDA:990,101,1,0
BRDA:992,102,0,1
BRDA:992,102,1,1
BRF:186
BRH:77
end_of_record
